Warning: you requested the nanomsg event logger, but bmv2 was compiled without -DBMELOG, and the event logger cannot be activated
Calling target program-options parser
[11:06:43.203] [bmv2] [D] [thread 32085] Set default default entry for table 'tbl_switch291': switch291 - 
[11:06:43.203] [bmv2] [D] [thread 32085] Set default default entry for table 'MyIngress.groups': NoAction - 
[11:06:43.204] [bmv2] [D] [thread 32085] Set default default entry for table 'tbl_act': act - 
[11:06:43.204] [bmv2] [D] [thread 32085] Set default default entry for table 'tbl_act_0': act_0 - 
[11:06:43.204] [bmv2] [D] [thread 32085] Set default default entry for table 'tbl_flip': MyIngress.flip - 
[11:06:43.204] [bmv2] [D] [thread 32085] Set default default entry for table 'tbl_sendReport': MyIngress.sendReport - 
[11:06:43.204] [bmv2] [D] [thread 32085] Set default default entry for table 'tbl_sendHello': MyIngress.sendHello - 
Adding interface s1-eth1 as port 1
[11:06:43.219] [bmv2] [D] [thread 32085] Adding interface s1-eth1 as port 1
Adding interface s1-eth2 as port 2
[11:06:43.240] [bmv2] [D] [thread 32085] Adding interface s1-eth2 as port 2
Adding interface s1-eth3 as port 3
[11:06:43.273] [bmv2] [D] [thread 32085] Adding interface s1-eth3 as port 3
Adding interface s1-eth4 as port 4
[11:06:43.305] [bmv2] [D] [thread 32085] Adding interface s1-eth4 as port 4
[11:06:43.368] [bmv2] [I] [thread 32085] Starting Thrift server on port 9090
[11:06:43.369] [bmv2] [I] [thread 32085] Thrift server was started
[11:06:43.370] [bmv2] [D] [thread 32093] [0.0] [cxt 0] Processing packet received on port 1
[11:06:43.370] [bmv2] [D] [thread 32093] [0.0] [cxt 0] Parser 'parser': start
[11:06:43.370] [bmv2] [D] [thread 32093] [0.0] [cxt 0] Parser 'parser' entering state 'start'
[11:06:43.370] [bmv2] [D] [thread 32093] [0.0] [cxt 0] Extracting header 'ethernet'
[11:06:43.371] [bmv2] [D] [thread 32093] [0.0] [cxt 0] Parser state 'start': key is 86dd
[11:06:43.371] [bmv2] [T] [thread 32093] [0.0] [cxt 0] Bytes parsed: 14
[11:06:43.371] [bmv2] [D] [thread 32093] [0.0] [cxt 0] Parser 'parser': end
[11:06:43.371] [bmv2] [D] [thread 32093] [0.0] [cxt 0] Pipeline 'ingress': start
[11:06:43.371] [bmv2] [T] [thread 32093] [0.0] [cxt 0] Applying table 'tbl_switch291'
[11:06:43.371] [bmv2] [D] [thread 32093] [0.0] [cxt 0] Looking up key:

[11:06:43.371] [bmv2] [D] [thread 32093] [0.0] [cxt 0] Table 'tbl_switch291': miss
[11:06:43.371] [bmv2] [D] [thread 32093] [0.0] [cxt 0] Action entry is switch291 - 
[11:06:43.371] [bmv2] [T] [thread 32093] [0.0] [cxt 0] Action switch291
[11:06:43.371] [bmv2] [T] [thread 32093] [0.0] [cxt 0] p4src/switch.p4(291) Primitive standard_metadata.egress_spec = 2
[11:06:43.371] [bmv2] [T] [thread 32093] [0.0] [cxt 0] p4src/switch.p4(293) Condition "hdr.ipv4.isValid()" (node_3) is false
[11:06:43.371] [bmv2] [D] [thread 32093] [0.0] [cxt 0] Pipeline 'ingress': end
[11:06:43.371] [bmv2] [D] [thread 32093] [0.0] [cxt 0] Egress port is 2
[11:06:43.371] [bmv2] [D] [thread 32096] [0.0] [cxt 0] Pipeline 'egress': start
[11:06:43.371] [bmv2] [D] [thread 32096] [0.0] [cxt 0] Pipeline 'egress': end
[11:06:43.371] [bmv2] [D] [thread 32096] [0.0] [cxt 0] Deparser 'deparser': start
[11:06:43.371] [bmv2] [D] [thread 32096] [0.0] [cxt 0] Deparsing header 'ethernet'
[11:06:43.371] [bmv2] [D] [thread 32096] [0.0] [cxt 0] Deparser 'deparser': end
[11:06:43.372] [bmv2] [D] [thread 32098] [0.0] [cxt 0] Transmitting packet of size 78 out of port 2
[11:06:43.372] [bmv2] [D] [thread 32093] [1.0] [cxt 0] Processing packet received on port 2
[11:06:43.372] [bmv2] [D] [thread 32093] [1.0] [cxt 0] Parser 'parser': start
[11:06:43.372] [bmv2] [D] [thread 32093] [1.0] [cxt 0] Parser 'parser' entering state 'start'
[11:06:43.372] [bmv2] [D] [thread 32093] [1.0] [cxt 0] Extracting header 'ethernet'
[11:06:43.372] [bmv2] [D] [thread 32093] [1.0] [cxt 0] Parser state 'start': key is 86dd
[11:06:43.372] [bmv2] [T] [thread 32093] [1.0] [cxt 0] Bytes parsed: 14
[11:06:43.372] [bmv2] [D] [thread 32093] [1.0] [cxt 0] Parser 'parser': end
[11:06:43.372] [bmv2] [D] [thread 32093] [1.0] [cxt 0] Pipeline 'ingress': start
[11:06:43.372] [bmv2] [T] [thread 32093] [1.0] [cxt 0] Applying table 'tbl_switch291'
[11:06:43.372] [bmv2] [D] [thread 32093] [1.0] [cxt 0] Looking up key:

[11:06:43.372] [bmv2] [D] [thread 32093] [1.0] [cxt 0] Table 'tbl_switch291': miss
[11:06:43.372] [bmv2] [D] [thread 32093] [1.0] [cxt 0] Action entry is switch291 - 
[11:06:43.372] [bmv2] [T] [thread 32093] [1.0] [cxt 0] Action switch291
[11:06:43.372] [bmv2] [T] [thread 32093] [1.0] [cxt 0] p4src/switch.p4(291) Primitive standard_metadata.egress_spec = 2
[11:06:43.372] [bmv2] [T] [thread 32093] [1.0] [cxt 0] p4src/switch.p4(293) Condition "hdr.ipv4.isValid()" (node_3) is false
[11:06:43.373] [bmv2] [D] [thread 32093] [1.0] [cxt 0] Pipeline 'ingress': end
[11:06:43.373] [bmv2] [D] [thread 32093] [1.0] [cxt 0] Egress port is 2
[11:06:43.373] [bmv2] [D] [thread 32096] [1.0] [cxt 0] Pipeline 'egress': start
[11:06:43.373] [bmv2] [D] [thread 32096] [1.0] [cxt 0] Pipeline 'egress': end
[11:06:43.373] [bmv2] [D] [thread 32096] [1.0] [cxt 0] Deparser 'deparser': start
[11:06:43.373] [bmv2] [D] [thread 32096] [1.0] [cxt 0] Deparsing header 'ethernet'
[11:06:43.373] [bmv2] [D] [thread 32096] [1.0] [cxt 0] Deparser 'deparser': end
[11:06:43.373] [bmv2] [D] [thread 32098] [1.0] [cxt 0] Transmitting packet of size 78 out of port 2
[11:06:43.403] [bmv2] [D] [thread 32093] [2.0] [cxt 0] Processing packet received on port 2
[11:06:43.403] [bmv2] [D] [thread 32093] [2.0] [cxt 0] Parser 'parser': start
[11:06:43.403] [bmv2] [D] [thread 32093] [2.0] [cxt 0] Parser 'parser' entering state 'start'
[11:06:43.403] [bmv2] [D] [thread 32093] [2.0] [cxt 0] Extracting header 'ethernet'
[11:06:43.403] [bmv2] [D] [thread 32093] [2.0] [cxt 0] Parser state 'start': key is 86dd
[11:06:43.403] [bmv2] [T] [thread 32093] [2.0] [cxt 0] Bytes parsed: 14
[11:06:43.404] [bmv2] [D] [thread 32093] [2.0] [cxt 0] Parser 'parser': end
[11:06:43.404] [bmv2] [D] [thread 32093] [2.0] [cxt 0] Pipeline 'ingress': start
[11:06:43.404] [bmv2] [T] [thread 32093] [2.0] [cxt 0] Applying table 'tbl_switch291'
[11:06:43.404] [bmv2] [D] [thread 32093] [2.0] [cxt 0] Looking up key:

[11:06:43.404] [bmv2] [D] [thread 32093] [2.0] [cxt 0] Table 'tbl_switch291': miss
[11:06:43.404] [bmv2] [D] [thread 32093] [2.0] [cxt 0] Action entry is switch291 - 
[11:06:43.404] [bmv2] [T] [thread 32093] [2.0] [cxt 0] Action switch291
[11:06:43.404] [bmv2] [T] [thread 32093] [2.0] [cxt 0] p4src/switch.p4(291) Primitive standard_metadata.egress_spec = 2
[11:06:43.404] [bmv2] [T] [thread 32093] [2.0] [cxt 0] p4src/switch.p4(293) Condition "hdr.ipv4.isValid()" (node_3) is false
[11:06:43.404] [bmv2] [D] [thread 32093] [2.0] [cxt 0] Pipeline 'ingress': end
[11:06:43.404] [bmv2] [D] [thread 32093] [2.0] [cxt 0] Egress port is 2
[11:06:43.404] [bmv2] [D] [thread 32096] [2.0] [cxt 0] Pipeline 'egress': start
[11:06:43.404] [bmv2] [D] [thread 32096] [2.0] [cxt 0] Pipeline 'egress': end
[11:06:43.404] [bmv2] [D] [thread 32096] [2.0] [cxt 0] Deparser 'deparser': start
[11:06:43.404] [bmv2] [D] [thread 32096] [2.0] [cxt 0] Deparsing header 'ethernet'
[11:06:43.404] [bmv2] [D] [thread 32096] [2.0] [cxt 0] Deparser 'deparser': end
[11:06:43.404] [bmv2] [D] [thread 32098] [2.0] [cxt 0] Transmitting packet of size 90 out of port 2
[11:06:43.639] [bmv2] [D] [thread 32093] [3.0] [cxt 0] Processing packet received on port 4
[11:06:43.639] [bmv2] [D] [thread 32093] [3.0] [cxt 0] Parser 'parser': start
[11:06:43.639] [bmv2] [D] [thread 32093] [3.0] [cxt 0] Parser 'parser' entering state 'start'
[11:06:43.639] [bmv2] [D] [thread 32093] [3.0] [cxt 0] Extracting header 'ethernet'
[11:06:43.640] [bmv2] [D] [thread 32093] [3.0] [cxt 0] Parser state 'start': key is 86dd
[11:06:43.640] [bmv2] [T] [thread 32093] [3.0] [cxt 0] Bytes parsed: 14
[11:06:43.640] [bmv2] [D] [thread 32093] [3.0] [cxt 0] Parser 'parser': end
[11:06:43.640] [bmv2] [D] [thread 32093] [3.0] [cxt 0] Pipeline 'ingress': start
[11:06:43.640] [bmv2] [T] [thread 32093] [3.0] [cxt 0] Applying table 'tbl_switch291'
[11:06:43.640] [bmv2] [D] [thread 32093] [3.0] [cxt 0] Looking up key:

[11:06:43.640] [bmv2] [D] [thread 32093] [3.0] [cxt 0] Table 'tbl_switch291': miss
[11:06:43.640] [bmv2] [D] [thread 32093] [3.0] [cxt 0] Action entry is switch291 - 
[11:06:43.640] [bmv2] [T] [thread 32093] [3.0] [cxt 0] Action switch291
[11:06:43.640] [bmv2] [T] [thread 32093] [3.0] [cxt 0] p4src/switch.p4(291) Primitive standard_metadata.egress_spec = 2
[11:06:43.641] [bmv2] [T] [thread 32093] [3.0] [cxt 0] p4src/switch.p4(293) Condition "hdr.ipv4.isValid()" (node_3) is false
[11:06:43.641] [bmv2] [D] [thread 32093] [3.0] [cxt 0] Pipeline 'ingress': end
[11:06:43.641] [bmv2] [D] [thread 32093] [3.0] [cxt 0] Egress port is 2
[11:06:43.641] [bmv2] [D] [thread 32096] [3.0] [cxt 0] Pipeline 'egress': start
[11:06:43.641] [bmv2] [D] [thread 32096] [3.0] [cxt 0] Pipeline 'egress': end
[11:06:43.641] [bmv2] [D] [thread 32096] [3.0] [cxt 0] Deparser 'deparser': start
[11:06:43.641] [bmv2] [D] [thread 32096] [3.0] [cxt 0] Deparsing header 'ethernet'
[11:06:43.641] [bmv2] [D] [thread 32096] [3.0] [cxt 0] Deparser 'deparser': end
[11:06:43.641] [bmv2] [D] [thread 32098] [3.0] [cxt 0] Transmitting packet of size 78 out of port 2
[11:06:43.908] [bmv2] [D] [thread 32093] [4.0] [cxt 0] Processing packet received on port 4
[11:06:43.908] [bmv2] [D] [thread 32093] [4.0] [cxt 0] Parser 'parser': start
[11:06:43.908] [bmv2] [D] [thread 32093] [4.0] [cxt 0] Parser 'parser' entering state 'start'
[11:06:43.908] [bmv2] [D] [thread 32093] [4.0] [cxt 0] Extracting header 'ethernet'
[11:06:43.908] [bmv2] [D] [thread 32093] [4.0] [cxt 0] Parser state 'start': key is 86dd
[11:06:43.908] [bmv2] [T] [thread 32093] [4.0] [cxt 0] Bytes parsed: 14
[11:06:43.908] [bmv2] [D] [thread 32093] [4.0] [cxt 0] Parser 'parser': end
[11:06:43.908] [bmv2] [D] [thread 32093] [4.0] [cxt 0] Pipeline 'ingress': start
[11:06:43.908] [bmv2] [T] [thread 32093] [4.0] [cxt 0] Applying table 'tbl_switch291'
[11:06:43.908] [bmv2] [D] [thread 32093] [4.0] [cxt 0] Looking up key:

[11:06:43.908] [bmv2] [D] [thread 32093] [4.0] [cxt 0] Table 'tbl_switch291': miss
[11:06:43.908] [bmv2] [D] [thread 32093] [4.0] [cxt 0] Action entry is switch291 - 
[11:06:43.908] [bmv2] [T] [thread 32093] [4.0] [cxt 0] Action switch291
[11:06:43.908] [bmv2] [T] [thread 32093] [4.0] [cxt 0] p4src/switch.p4(291) Primitive standard_metadata.egress_spec = 2
[11:06:43.908] [bmv2] [T] [thread 32093] [4.0] [cxt 0] p4src/switch.p4(293) Condition "hdr.ipv4.isValid()" (node_3) is false
[11:06:43.908] [bmv2] [D] [thread 32093] [4.0] [cxt 0] Pipeline 'ingress': end
[11:06:43.908] [bmv2] [D] [thread 32093] [4.0] [cxt 0] Egress port is 2
[11:06:43.908] [bmv2] [D] [thread 32096] [4.0] [cxt 0] Pipeline 'egress': start
[11:06:43.908] [bmv2] [D] [thread 32096] [4.0] [cxt 0] Pipeline 'egress': end
[11:06:43.908] [bmv2] [D] [thread 32096] [4.0] [cxt 0] Deparser 'deparser': start
[11:06:43.908] [bmv2] [D] [thread 32096] [4.0] [cxt 0] Deparsing header 'ethernet'
[11:06:43.908] [bmv2] [D] [thread 32096] [4.0] [cxt 0] Deparser 'deparser': end
[11:06:43.908] [bmv2] [D] [thread 32098] [4.0] [cxt 0] Transmitting packet of size 90 out of port 2
[11:06:43.925] [bmv2] [D] [thread 32093] [5.0] [cxt 0] Processing packet received on port 3
[11:06:43.925] [bmv2] [D] [thread 32093] [5.0] [cxt 0] Parser 'parser': start
[11:06:43.925] [bmv2] [D] [thread 32093] [5.0] [cxt 0] Parser 'parser' entering state 'start'
[11:06:43.925] [bmv2] [D] [thread 32093] [5.0] [cxt 0] Extracting header 'ethernet'
[11:06:43.925] [bmv2] [D] [thread 32093] [5.0] [cxt 0] Parser state 'start': key is 86dd
[11:06:43.925] [bmv2] [T] [thread 32093] [5.0] [cxt 0] Bytes parsed: 14
[11:06:43.925] [bmv2] [D] [thread 32093] [5.0] [cxt 0] Parser 'parser': end
[11:06:43.925] [bmv2] [D] [thread 32093] [5.0] [cxt 0] Pipeline 'ingress': start
[11:06:43.925] [bmv2] [T] [thread 32093] [5.0] [cxt 0] Applying table 'tbl_switch291'
[11:06:43.925] [bmv2] [D] [thread 32093] [5.0] [cxt 0] Looking up key:

[11:06:43.925] [bmv2] [D] [thread 32093] [5.0] [cxt 0] Table 'tbl_switch291': miss
[11:06:43.925] [bmv2] [D] [thread 32093] [5.0] [cxt 0] Action entry is switch291 - 
[11:06:43.925] [bmv2] [T] [thread 32093] [5.0] [cxt 0] Action switch291
[11:06:43.925] [bmv2] [T] [thread 32093] [5.0] [cxt 0] p4src/switch.p4(291) Primitive standard_metadata.egress_spec = 2
[11:06:43.925] [bmv2] [T] [thread 32093] [5.0] [cxt 0] p4src/switch.p4(293) Condition "hdr.ipv4.isValid()" (node_3) is false
[11:06:43.925] [bmv2] [D] [thread 32093] [5.0] [cxt 0] Pipeline 'ingress': end
[11:06:43.925] [bmv2] [D] [thread 32093] [5.0] [cxt 0] Egress port is 2
[11:06:43.925] [bmv2] [D] [thread 32096] [5.0] [cxt 0] Pipeline 'egress': start
[11:06:43.925] [bmv2] [D] [thread 32096] [5.0] [cxt 0] Pipeline 'egress': end
[11:06:43.925] [bmv2] [D] [thread 32096] [5.0] [cxt 0] Deparser 'deparser': start
[11:06:43.925] [bmv2] [D] [thread 32096] [5.0] [cxt 0] Deparsing header 'ethernet'
[11:06:43.925] [bmv2] [D] [thread 32096] [5.0] [cxt 0] Deparser 'deparser': end
[11:06:43.925] [bmv2] [D] [thread 32098] [5.0] [cxt 0] Transmitting packet of size 78 out of port 2
[11:06:43.939] [bmv2] [D] [thread 32093] [6.0] [cxt 0] Processing packet received on port 3
[11:06:43.939] [bmv2] [D] [thread 32093] [6.0] [cxt 0] Parser 'parser': start
[11:06:43.939] [bmv2] [D] [thread 32093] [6.0] [cxt 0] Parser 'parser' entering state 'start'
[11:06:43.939] [bmv2] [D] [thread 32093] [6.0] [cxt 0] Extracting header 'ethernet'
[11:06:43.939] [bmv2] [D] [thread 32093] [6.0] [cxt 0] Parser state 'start': key is 86dd
[11:06:43.939] [bmv2] [T] [thread 32093] [6.0] [cxt 0] Bytes parsed: 14
[11:06:43.939] [bmv2] [D] [thread 32093] [6.0] [cxt 0] Parser 'parser': end
[11:06:43.939] [bmv2] [D] [thread 32093] [6.0] [cxt 0] Pipeline 'ingress': start
[11:06:43.939] [bmv2] [T] [thread 32093] [6.0] [cxt 0] Applying table 'tbl_switch291'
[11:06:43.939] [bmv2] [D] [thread 32093] [6.0] [cxt 0] Looking up key:

[11:06:43.939] [bmv2] [D] [thread 32093] [6.0] [cxt 0] Table 'tbl_switch291': miss
[11:06:43.939] [bmv2] [D] [thread 32093] [6.0] [cxt 0] Action entry is switch291 - 
[11:06:43.939] [bmv2] [T] [thread 32093] [6.0] [cxt 0] Action switch291
[11:06:43.939] [bmv2] [T] [thread 32093] [6.0] [cxt 0] p4src/switch.p4(291) Primitive standard_metadata.egress_spec = 2
[11:06:43.939] [bmv2] [T] [thread 32093] [6.0] [cxt 0] p4src/switch.p4(293) Condition "hdr.ipv4.isValid()" (node_3) is false
[11:06:43.939] [bmv2] [D] [thread 32093] [6.0] [cxt 0] Pipeline 'ingress': end
[11:06:43.939] [bmv2] [D] [thread 32093] [6.0] [cxt 0] Egress port is 2
[11:06:43.939] [bmv2] [D] [thread 32096] [6.0] [cxt 0] Pipeline 'egress': start
[11:06:43.939] [bmv2] [D] [thread 32096] [6.0] [cxt 0] Pipeline 'egress': end
[11:06:43.939] [bmv2] [D] [thread 32096] [6.0] [cxt 0] Deparser 'deparser': start
[11:06:43.939] [bmv2] [D] [thread 32096] [6.0] [cxt 0] Deparsing header 'ethernet'
[11:06:43.939] [bmv2] [D] [thread 32096] [6.0] [cxt 0] Deparser 'deparser': end
[11:06:43.939] [bmv2] [D] [thread 32098] [6.0] [cxt 0] Transmitting packet of size 90 out of port 2
[11:06:43.952] [bmv2] [D] [thread 32093] [7.0] [cxt 0] Processing packet received on port 1
[11:06:43.952] [bmv2] [D] [thread 32093] [7.0] [cxt 0] Parser 'parser': start
[11:06:43.952] [bmv2] [D] [thread 32093] [7.0] [cxt 0] Parser 'parser' entering state 'start'
[11:06:43.952] [bmv2] [D] [thread 32093] [7.0] [cxt 0] Extracting header 'ethernet'
[11:06:43.952] [bmv2] [D] [thread 32093] [7.0] [cxt 0] Parser state 'start': key is 86dd
[11:06:43.952] [bmv2] [T] [thread 32093] [7.0] [cxt 0] Bytes parsed: 14
[11:06:43.952] [bmv2] [D] [thread 32093] [7.0] [cxt 0] Parser 'parser': end
[11:06:43.952] [bmv2] [D] [thread 32093] [7.0] [cxt 0] Pipeline 'ingress': start
[11:06:43.952] [bmv2] [T] [thread 32093] [7.0] [cxt 0] Applying table 'tbl_switch291'
[11:06:43.952] [bmv2] [D] [thread 32093] [7.0] [cxt 0] Looking up key:

[11:06:43.952] [bmv2] [D] [thread 32093] [7.0] [cxt 0] Table 'tbl_switch291': miss
[11:06:43.952] [bmv2] [D] [thread 32093] [7.0] [cxt 0] Action entry is switch291 - 
[11:06:43.952] [bmv2] [T] [thread 32093] [7.0] [cxt 0] Action switch291
[11:06:43.952] [bmv2] [T] [thread 32093] [7.0] [cxt 0] p4src/switch.p4(291) Primitive standard_metadata.egress_spec = 2
[11:06:43.952] [bmv2] [T] [thread 32093] [7.0] [cxt 0] p4src/switch.p4(293) Condition "hdr.ipv4.isValid()" (node_3) is false
[11:06:43.952] [bmv2] [D] [thread 32093] [7.0] [cxt 0] Pipeline 'ingress': end
[11:06:43.952] [bmv2] [D] [thread 32093] [7.0] [cxt 0] Egress port is 2
[11:06:43.952] [bmv2] [D] [thread 32096] [7.0] [cxt 0] Pipeline 'egress': start
[11:06:43.952] [bmv2] [D] [thread 32096] [7.0] [cxt 0] Pipeline 'egress': end
[11:06:43.952] [bmv2] [D] [thread 32096] [7.0] [cxt 0] Deparser 'deparser': start
[11:06:43.952] [bmv2] [D] [thread 32096] [7.0] [cxt 0] Deparsing header 'ethernet'
[11:06:43.952] [bmv2] [D] [thread 32096] [7.0] [cxt 0] Deparser 'deparser': end
[11:06:43.952] [bmv2] [D] [thread 32098] [7.0] [cxt 0] Transmitting packet of size 90 out of port 2
[11:06:45.576] [bmv2] [T] [thread 32127] bm_get_config
[11:06:52.397] [bmv2] [D] [thread 32093] [8.0] [cxt 0] Processing packet received on port 1
[11:06:52.397] [bmv2] [D] [thread 32093] [8.0] [cxt 0] Parser 'parser': start
[11:06:52.397] [bmv2] [D] [thread 32093] [8.0] [cxt 0] Parser 'parser' entering state 'start'
[11:06:52.397] [bmv2] [D] [thread 32093] [8.0] [cxt 0] Extracting header 'ethernet'
[11:06:52.397] [bmv2] [D] [thread 32093] [8.0] [cxt 0] Parser state 'start': key is 0806
[11:06:52.397] [bmv2] [T] [thread 32093] [8.0] [cxt 0] Bytes parsed: 14
[11:06:52.397] [bmv2] [D] [thread 32093] [8.0] [cxt 0] Parser 'parser': end
[11:06:52.397] [bmv2] [D] [thread 32093] [8.0] [cxt 0] Pipeline 'ingress': start
[11:06:52.397] [bmv2] [T] [thread 32093] [8.0] [cxt 0] Applying table 'tbl_switch291'
[11:06:52.397] [bmv2] [D] [thread 32093] [8.0] [cxt 0] Looking up key:

[11:06:52.397] [bmv2] [D] [thread 32093] [8.0] [cxt 0] Table 'tbl_switch291': miss
[11:06:52.398] [bmv2] [D] [thread 32093] [8.0] [cxt 0] Action entry is switch291 - 
[11:06:52.398] [bmv2] [T] [thread 32093] [8.0] [cxt 0] Action switch291
[11:06:52.398] [bmv2] [T] [thread 32093] [8.0] [cxt 0] p4src/switch.p4(291) Primitive standard_metadata.egress_spec = 2
[11:06:52.398] [bmv2] [T] [thread 32093] [8.0] [cxt 0] p4src/switch.p4(293) Condition "hdr.ipv4.isValid()" (node_3) is false
[11:06:52.398] [bmv2] [D] [thread 32093] [8.0] [cxt 0] Pipeline 'ingress': end
[11:06:52.398] [bmv2] [D] [thread 32093] [8.0] [cxt 0] Egress port is 2
[11:06:52.398] [bmv2] [D] [thread 32096] [8.0] [cxt 0] Pipeline 'egress': start
[11:06:52.398] [bmv2] [D] [thread 32096] [8.0] [cxt 0] Pipeline 'egress': end
[11:06:52.398] [bmv2] [D] [thread 32096] [8.0] [cxt 0] Deparser 'deparser': start
[11:06:52.398] [bmv2] [D] [thread 32096] [8.0] [cxt 0] Deparsing header 'ethernet'
[11:06:52.398] [bmv2] [D] [thread 32096] [8.0] [cxt 0] Deparser 'deparser': end
[11:06:52.398] [bmv2] [D] [thread 32098] [8.0] [cxt 0] Transmitting packet of size 42 out of port 2
[11:06:52.398] [bmv2] [D] [thread 32093] [9.0] [cxt 0] Processing packet received on port 2
[11:06:52.398] [bmv2] [D] [thread 32093] [9.0] [cxt 0] Parser 'parser': start
[11:06:52.398] [bmv2] [D] [thread 32093] [9.0] [cxt 0] Parser 'parser' entering state 'start'
[11:06:52.398] [bmv2] [D] [thread 32093] [9.0] [cxt 0] Extracting header 'ethernet'
[11:06:52.398] [bmv2] [D] [thread 32093] [9.0] [cxt 0] Parser state 'start': key is 0806
[11:06:52.398] [bmv2] [T] [thread 32093] [9.0] [cxt 0] Bytes parsed: 14
[11:06:52.398] [bmv2] [D] [thread 32093] [9.0] [cxt 0] Parser 'parser': end
[11:06:52.398] [bmv2] [D] [thread 32093] [9.0] [cxt 0] Pipeline 'ingress': start
[11:06:52.398] [bmv2] [T] [thread 32093] [9.0] [cxt 0] Applying table 'tbl_switch291'
[11:06:52.399] [bmv2] [D] [thread 32093] [9.0] [cxt 0] Looking up key:

[11:06:52.399] [bmv2] [D] [thread 32093] [9.0] [cxt 0] Table 'tbl_switch291': miss
[11:06:52.399] [bmv2] [D] [thread 32093] [9.0] [cxt 0] Action entry is switch291 - 
[11:06:52.399] [bmv2] [T] [thread 32093] [9.0] [cxt 0] Action switch291
[11:06:52.399] [bmv2] [T] [thread 32093] [9.0] [cxt 0] p4src/switch.p4(291) Primitive standard_metadata.egress_spec = 2
[11:06:52.399] [bmv2] [T] [thread 32093] [9.0] [cxt 0] p4src/switch.p4(293) Condition "hdr.ipv4.isValid()" (node_3) is false
[11:06:52.399] [bmv2] [D] [thread 32093] [9.0] [cxt 0] Pipeline 'ingress': end
[11:06:52.399] [bmv2] [D] [thread 32093] [9.0] [cxt 0] Egress port is 2
[11:06:52.399] [bmv2] [D] [thread 32096] [9.0] [cxt 0] Pipeline 'egress': start
[11:06:52.399] [bmv2] [D] [thread 32096] [9.0] [cxt 0] Pipeline 'egress': end
[11:06:52.399] [bmv2] [D] [thread 32096] [9.0] [cxt 0] Deparser 'deparser': start
[11:06:52.399] [bmv2] [D] [thread 32096] [9.0] [cxt 0] Deparsing header 'ethernet'
[11:06:52.399] [bmv2] [D] [thread 32096] [9.0] [cxt 0] Deparser 'deparser': end
[11:06:52.399] [bmv2] [D] [thread 32098] [9.0] [cxt 0] Transmitting packet of size 42 out of port 2
[11:06:53.396] [bmv2] [D] [thread 32093] [10.0] [cxt 0] Processing packet received on port 1
[11:06:53.397] [bmv2] [D] [thread 32093] [10.0] [cxt 0] Parser 'parser': start
[11:06:53.397] [bmv2] [D] [thread 32093] [10.0] [cxt 0] Parser 'parser' entering state 'start'
[11:06:53.397] [bmv2] [D] [thread 32093] [10.0] [cxt 0] Extracting header 'ethernet'
[11:06:53.397] [bmv2] [D] [thread 32093] [10.0] [cxt 0] Parser state 'start': key is 0806
[11:06:53.397] [bmv2] [T] [thread 32093] [10.0] [cxt 0] Bytes parsed: 14
[11:06:53.397] [bmv2] [D] [thread 32093] [10.0] [cxt 0] Parser 'parser': end
[11:06:53.397] [bmv2] [D] [thread 32093] [10.0] [cxt 0] Pipeline 'ingress': start
[11:06:53.397] [bmv2] [T] [thread 32093] [10.0] [cxt 0] Applying table 'tbl_switch291'
[11:06:53.397] [bmv2] [D] [thread 32093] [10.0] [cxt 0] Looking up key:

[11:06:53.397] [bmv2] [D] [thread 32093] [10.0] [cxt 0] Table 'tbl_switch291': miss
[11:06:53.397] [bmv2] [D] [thread 32093] [10.0] [cxt 0] Action entry is switch291 - 
[11:06:53.397] [bmv2] [T] [thread 32093] [10.0] [cxt 0] Action switch291
[11:06:53.397] [bmv2] [T] [thread 32093] [10.0] [cxt 0] p4src/switch.p4(291) Primitive standard_metadata.egress_spec = 2
[11:06:53.397] [bmv2] [T] [thread 32093] [10.0] [cxt 0] p4src/switch.p4(293) Condition "hdr.ipv4.isValid()" (node_3) is false
[11:06:53.397] [bmv2] [D] [thread 32093] [10.0] [cxt 0] Pipeline 'ingress': end
[11:06:53.397] [bmv2] [D] [thread 32093] [10.0] [cxt 0] Egress port is 2
[11:06:53.398] [bmv2] [D] [thread 32096] [10.0] [cxt 0] Pipeline 'egress': start
[11:06:53.398] [bmv2] [D] [thread 32096] [10.0] [cxt 0] Pipeline 'egress': end
[11:06:53.398] [bmv2] [D] [thread 32096] [10.0] [cxt 0] Deparser 'deparser': start
[11:06:53.398] [bmv2] [D] [thread 32096] [10.0] [cxt 0] Deparsing header 'ethernet'
[11:06:53.398] [bmv2] [D] [thread 32096] [10.0] [cxt 0] Deparser 'deparser': end
[11:06:53.398] [bmv2] [D] [thread 32098] [10.0] [cxt 0] Transmitting packet of size 42 out of port 2
[11:06:53.398] [bmv2] [D] [thread 32093] [11.0] [cxt 0] Processing packet received on port 2
[11:06:53.398] [bmv2] [D] [thread 32093] [11.0] [cxt 0] Parser 'parser': start
[11:06:53.399] [bmv2] [D] [thread 32093] [11.0] [cxt 0] Parser 'parser' entering state 'start'
[11:06:53.399] [bmv2] [D] [thread 32093] [11.0] [cxt 0] Extracting header 'ethernet'
[11:06:53.399] [bmv2] [D] [thread 32093] [11.0] [cxt 0] Parser state 'start': key is 0806
[11:06:53.399] [bmv2] [T] [thread 32093] [11.0] [cxt 0] Bytes parsed: 14
[11:06:53.399] [bmv2] [D] [thread 32093] [11.0] [cxt 0] Parser 'parser': end
[11:06:53.399] [bmv2] [D] [thread 32093] [11.0] [cxt 0] Pipeline 'ingress': start
[11:06:53.399] [bmv2] [T] [thread 32093] [11.0] [cxt 0] Applying table 'tbl_switch291'
[11:06:53.399] [bmv2] [D] [thread 32093] [11.0] [cxt 0] Looking up key:

[11:06:53.399] [bmv2] [D] [thread 32093] [11.0] [cxt 0] Table 'tbl_switch291': miss
[11:06:53.399] [bmv2] [D] [thread 32093] [11.0] [cxt 0] Action entry is switch291 - 
[11:06:53.399] [bmv2] [T] [thread 32093] [11.0] [cxt 0] Action switch291
[11:06:53.399] [bmv2] [T] [thread 32093] [11.0] [cxt 0] p4src/switch.p4(291) Primitive standard_metadata.egress_spec = 2
[11:06:53.399] [bmv2] [T] [thread 32093] [11.0] [cxt 0] p4src/switch.p4(293) Condition "hdr.ipv4.isValid()" (node_3) is false
[11:06:53.399] [bmv2] [D] [thread 32093] [11.0] [cxt 0] Pipeline 'ingress': end
[11:06:53.399] [bmv2] [D] [thread 32093] [11.0] [cxt 0] Egress port is 2
[11:06:53.400] [bmv2] [D] [thread 32096] [11.0] [cxt 0] Pipeline 'egress': start
[11:06:53.400] [bmv2] [D] [thread 32096] [11.0] [cxt 0] Pipeline 'egress': end
[11:06:53.400] [bmv2] [D] [thread 32096] [11.0] [cxt 0] Deparser 'deparser': start
[11:06:53.400] [bmv2] [D] [thread 32096] [11.0] [cxt 0] Deparsing header 'ethernet'
[11:06:53.400] [bmv2] [D] [thread 32096] [11.0] [cxt 0] Deparser 'deparser': end
[11:06:53.400] [bmv2] [D] [thread 32098] [11.0] [cxt 0] Transmitting packet of size 42 out of port 2
[11:06:54.408] [bmv2] [D] [thread 32093] [12.0] [cxt 0] Processing packet received on port 1
[11:06:54.408] [bmv2] [D] [thread 32093] [12.0] [cxt 0] Parser 'parser': start
[11:06:54.408] [bmv2] [D] [thread 32093] [12.0] [cxt 0] Parser 'parser' entering state 'start'
[11:06:54.408] [bmv2] [D] [thread 32093] [12.0] [cxt 0] Extracting header 'ethernet'
[11:06:54.409] [bmv2] [D] [thread 32093] [12.0] [cxt 0] Parser state 'start': key is 0806
[11:06:54.409] [bmv2] [T] [thread 32093] [12.0] [cxt 0] Bytes parsed: 14
[11:06:54.409] [bmv2] [D] [thread 32093] [12.0] [cxt 0] Parser 'parser': end
[11:06:54.409] [bmv2] [D] [thread 32093] [12.0] [cxt 0] Pipeline 'ingress': start
[11:06:54.409] [bmv2] [T] [thread 32093] [12.0] [cxt 0] Applying table 'tbl_switch291'
[11:06:54.409] [bmv2] [D] [thread 32093] [12.0] [cxt 0] Looking up key:

[11:06:54.409] [bmv2] [D] [thread 32093] [12.0] [cxt 0] Table 'tbl_switch291': miss
[11:06:54.409] [bmv2] [D] [thread 32093] [12.0] [cxt 0] Action entry is switch291 - 
[11:06:54.409] [bmv2] [T] [thread 32093] [12.0] [cxt 0] Action switch291
[11:06:54.409] [bmv2] [T] [thread 32093] [12.0] [cxt 0] p4src/switch.p4(291) Primitive standard_metadata.egress_spec = 2
[11:06:54.409] [bmv2] [T] [thread 32093] [12.0] [cxt 0] p4src/switch.p4(293) Condition "hdr.ipv4.isValid()" (node_3) is false
[11:06:54.410] [bmv2] [D] [thread 32093] [12.0] [cxt 0] Pipeline 'ingress': end
[11:06:54.410] [bmv2] [D] [thread 32093] [12.0] [cxt 0] Egress port is 2
[11:06:54.410] [bmv2] [D] [thread 32096] [12.0] [cxt 0] Pipeline 'egress': start
[11:06:54.410] [bmv2] [D] [thread 32096] [12.0] [cxt 0] Pipeline 'egress': end
[11:06:54.410] [bmv2] [D] [thread 32096] [12.0] [cxt 0] Deparser 'deparser': start
[11:06:54.410] [bmv2] [D] [thread 32096] [12.0] [cxt 0] Deparsing header 'ethernet'
[11:06:54.410] [bmv2] [D] [thread 32096] [12.0] [cxt 0] Deparser 'deparser': end
[11:06:54.411] [bmv2] [D] [thread 32098] [12.0] [cxt 0] Transmitting packet of size 42 out of port 2
[11:06:54.411] [bmv2] [D] [thread 32093] [13.0] [cxt 0] Processing packet received on port 2
[11:06:54.411] [bmv2] [D] [thread 32093] [13.0] [cxt 0] Parser 'parser': start
[11:06:54.411] [bmv2] [D] [thread 32093] [13.0] [cxt 0] Parser 'parser' entering state 'start'
[11:06:54.411] [bmv2] [D] [thread 32093] [13.0] [cxt 0] Extracting header 'ethernet'
[11:06:54.412] [bmv2] [D] [thread 32093] [13.0] [cxt 0] Parser state 'start': key is 0806
[11:06:54.412] [bmv2] [T] [thread 32093] [13.0] [cxt 0] Bytes parsed: 14
[11:06:54.412] [bmv2] [D] [thread 32093] [13.0] [cxt 0] Parser 'parser': end
[11:06:54.412] [bmv2] [D] [thread 32093] [13.0] [cxt 0] Pipeline 'ingress': start
[11:06:54.412] [bmv2] [T] [thread 32093] [13.0] [cxt 0] Applying table 'tbl_switch291'
[11:06:54.412] [bmv2] [D] [thread 32093] [13.0] [cxt 0] Looking up key:

[11:06:54.412] [bmv2] [D] [thread 32093] [13.0] [cxt 0] Table 'tbl_switch291': miss
[11:06:54.412] [bmv2] [D] [thread 32093] [13.0] [cxt 0] Action entry is switch291 - 
[11:06:54.412] [bmv2] [T] [thread 32093] [13.0] [cxt 0] Action switch291
[11:06:54.412] [bmv2] [T] [thread 32093] [13.0] [cxt 0] p4src/switch.p4(291) Primitive standard_metadata.egress_spec = 2
[11:06:54.412] [bmv2] [T] [thread 32093] [13.0] [cxt 0] p4src/switch.p4(293) Condition "hdr.ipv4.isValid()" (node_3) is false
[11:06:54.412] [bmv2] [D] [thread 32093] [13.0] [cxt 0] Pipeline 'ingress': end
[11:06:54.412] [bmv2] [D] [thread 32093] [13.0] [cxt 0] Egress port is 2
[11:06:54.413] [bmv2] [D] [thread 32096] [13.0] [cxt 0] Pipeline 'egress': start
[11:06:54.413] [bmv2] [D] [thread 32096] [13.0] [cxt 0] Pipeline 'egress': end
[11:06:54.413] [bmv2] [D] [thread 32096] [13.0] [cxt 0] Deparser 'deparser': start
[11:06:54.413] [bmv2] [D] [thread 32096] [13.0] [cxt 0] Deparsing header 'ethernet'
[11:06:54.413] [bmv2] [D] [thread 32096] [13.0] [cxt 0] Deparser 'deparser': end
[11:06:54.413] [bmv2] [D] [thread 32098] [13.0] [cxt 0] Transmitting packet of size 42 out of port 2
[11:06:55.411] [bmv2] [D] [thread 32093] [14.0] [cxt 0] Processing packet received on port 1
[11:06:55.411] [bmv2] [D] [thread 32093] [14.0] [cxt 0] Parser 'parser': start
[11:06:55.411] [bmv2] [D] [thread 32093] [14.0] [cxt 0] Parser 'parser' entering state 'start'
[11:06:55.411] [bmv2] [D] [thread 32093] [14.0] [cxt 0] Extracting header 'ethernet'
[11:06:55.411] [bmv2] [D] [thread 32093] [14.0] [cxt 0] Parser state 'start': key is 0806
[11:06:55.412] [bmv2] [T] [thread 32093] [14.0] [cxt 0] Bytes parsed: 14
[11:06:55.412] [bmv2] [D] [thread 32093] [14.0] [cxt 0] Parser 'parser': end
[11:06:55.412] [bmv2] [D] [thread 32093] [14.0] [cxt 0] Pipeline 'ingress': start
[11:06:55.412] [bmv2] [T] [thread 32093] [14.0] [cxt 0] Applying table 'tbl_switch291'
[11:06:55.412] [bmv2] [D] [thread 32093] [14.0] [cxt 0] Looking up key:

[11:06:55.412] [bmv2] [D] [thread 32093] [14.0] [cxt 0] Table 'tbl_switch291': miss
[11:06:55.412] [bmv2] [D] [thread 32093] [14.0] [cxt 0] Action entry is switch291 - 
[11:06:55.412] [bmv2] [T] [thread 32093] [14.0] [cxt 0] Action switch291
[11:06:55.412] [bmv2] [T] [thread 32093] [14.0] [cxt 0] p4src/switch.p4(291) Primitive standard_metadata.egress_spec = 2
[11:06:55.412] [bmv2] [T] [thread 32093] [14.0] [cxt 0] p4src/switch.p4(293) Condition "hdr.ipv4.isValid()" (node_3) is false
[11:06:55.412] [bmv2] [D] [thread 32093] [14.0] [cxt 0] Pipeline 'ingress': end
[11:06:55.412] [bmv2] [D] [thread 32093] [14.0] [cxt 0] Egress port is 2
[11:06:55.412] [bmv2] [D] [thread 32096] [14.0] [cxt 0] Pipeline 'egress': start
[11:06:55.412] [bmv2] [D] [thread 32096] [14.0] [cxt 0] Pipeline 'egress': end
[11:06:55.412] [bmv2] [D] [thread 32096] [14.0] [cxt 0] Deparser 'deparser': start
[11:06:55.412] [bmv2] [D] [thread 32096] [14.0] [cxt 0] Deparsing header 'ethernet'
[11:06:55.412] [bmv2] [D] [thread 32096] [14.0] [cxt 0] Deparser 'deparser': end
[11:06:55.412] [bmv2] [D] [thread 32098] [14.0] [cxt 0] Transmitting packet of size 42 out of port 2
[11:06:56.412] [bmv2] [D] [thread 32093] [15.0] [cxt 0] Processing packet received on port 1
[11:06:56.412] [bmv2] [D] [thread 32093] [15.0] [cxt 0] Parser 'parser': start
[11:06:56.412] [bmv2] [D] [thread 32093] [15.0] [cxt 0] Parser 'parser' entering state 'start'
[11:06:56.412] [bmv2] [D] [thread 32093] [15.0] [cxt 0] Extracting header 'ethernet'
[11:06:56.412] [bmv2] [D] [thread 32093] [15.0] [cxt 0] Parser state 'start': key is 0806
[11:06:56.412] [bmv2] [T] [thread 32093] [15.0] [cxt 0] Bytes parsed: 14
[11:06:56.412] [bmv2] [D] [thread 32093] [15.0] [cxt 0] Parser 'parser': end
[11:06:56.413] [bmv2] [D] [thread 32093] [15.0] [cxt 0] Pipeline 'ingress': start
[11:06:56.413] [bmv2] [T] [thread 32093] [15.0] [cxt 0] Applying table 'tbl_switch291'
[11:06:56.413] [bmv2] [D] [thread 32093] [15.0] [cxt 0] Looking up key:

[11:06:56.413] [bmv2] [D] [thread 32093] [15.0] [cxt 0] Table 'tbl_switch291': miss
[11:06:56.413] [bmv2] [D] [thread 32093] [15.0] [cxt 0] Action entry is switch291 - 
[11:06:56.413] [bmv2] [T] [thread 32093] [15.0] [cxt 0] Action switch291
[11:06:56.413] [bmv2] [T] [thread 32093] [15.0] [cxt 0] p4src/switch.p4(291) Primitive standard_metadata.egress_spec = 2
[11:06:56.413] [bmv2] [T] [thread 32093] [15.0] [cxt 0] p4src/switch.p4(293) Condition "hdr.ipv4.isValid()" (node_3) is false
[11:06:56.413] [bmv2] [D] [thread 32093] [15.0] [cxt 0] Pipeline 'ingress': end
[11:06:56.413] [bmv2] [D] [thread 32093] [15.0] [cxt 0] Egress port is 2
[11:06:56.413] [bmv2] [D] [thread 32096] [15.0] [cxt 0] Pipeline 'egress': start
[11:06:56.413] [bmv2] [D] [thread 32096] [15.0] [cxt 0] Pipeline 'egress': end
[11:06:56.414] [bmv2] [D] [thread 32096] [15.0] [cxt 0] Deparser 'deparser': start
[11:06:56.414] [bmv2] [D] [thread 32096] [15.0] [cxt 0] Deparsing header 'ethernet'
[11:06:56.414] [bmv2] [D] [thread 32096] [15.0] [cxt 0] Deparser 'deparser': end
[11:06:56.414] [bmv2] [D] [thread 32098] [15.0] [cxt 0] Transmitting packet of size 42 out of port 2
[11:06:57.412] [bmv2] [D] [thread 32093] [16.0] [cxt 0] Processing packet received on port 1
[11:06:57.412] [bmv2] [D] [thread 32093] [16.0] [cxt 0] Parser 'parser': start
[11:06:57.412] [bmv2] [D] [thread 32093] [16.0] [cxt 0] Parser 'parser' entering state 'start'
[11:06:57.413] [bmv2] [D] [thread 32093] [16.0] [cxt 0] Extracting header 'ethernet'
[11:06:57.413] [bmv2] [D] [thread 32093] [16.0] [cxt 0] Parser state 'start': key is 0806
[11:06:57.413] [bmv2] [T] [thread 32093] [16.0] [cxt 0] Bytes parsed: 14
[11:06:57.413] [bmv2] [D] [thread 32093] [16.0] [cxt 0] Parser 'parser': end
[11:06:57.413] [bmv2] [D] [thread 32093] [16.0] [cxt 0] Pipeline 'ingress': start
[11:06:57.415] [bmv2] [T] [thread 32093] [16.0] [cxt 0] Applying table 'tbl_switch291'
[11:06:57.416] [bmv2] [D] [thread 32093] [16.0] [cxt 0] Looking up key:

[11:06:57.416] [bmv2] [D] [thread 32093] [16.0] [cxt 0] Table 'tbl_switch291': miss
[11:06:57.416] [bmv2] [D] [thread 32093] [16.0] [cxt 0] Action entry is switch291 - 
[11:06:57.416] [bmv2] [T] [thread 32093] [16.0] [cxt 0] Action switch291
[11:06:57.416] [bmv2] [T] [thread 32093] [16.0] [cxt 0] p4src/switch.p4(291) Primitive standard_metadata.egress_spec = 2
[11:06:57.417] [bmv2] [T] [thread 32093] [16.0] [cxt 0] p4src/switch.p4(293) Condition "hdr.ipv4.isValid()" (node_3) is false
[11:06:57.417] [bmv2] [D] [thread 32093] [16.0] [cxt 0] Pipeline 'ingress': end
[11:06:57.417] [bmv2] [D] [thread 32093] [16.0] [cxt 0] Egress port is 2
[11:06:57.417] [bmv2] [D] [thread 32096] [16.0] [cxt 0] Pipeline 'egress': start
[11:06:57.417] [bmv2] [D] [thread 32096] [16.0] [cxt 0] Pipeline 'egress': end
[11:06:57.417] [bmv2] [D] [thread 32096] [16.0] [cxt 0] Deparser 'deparser': start
[11:06:57.417] [bmv2] [D] [thread 32096] [16.0] [cxt 0] Deparsing header 'ethernet'
[11:06:57.418] [bmv2] [D] [thread 32096] [16.0] [cxt 0] Deparser 'deparser': end
[11:06:57.418] [bmv2] [D] [thread 32098] [16.0] [cxt 0] Transmitting packet of size 42 out of port 2
[11:06:58.420] [bmv2] [D] [thread 32093] [17.0] [cxt 0] Processing packet received on port 1
[11:06:58.420] [bmv2] [D] [thread 32093] [17.0] [cxt 0] Parser 'parser': start
[11:06:58.420] [bmv2] [D] [thread 32093] [17.0] [cxt 0] Parser 'parser' entering state 'start'
[11:06:58.420] [bmv2] [D] [thread 32093] [17.0] [cxt 0] Extracting header 'ethernet'
[11:06:58.420] [bmv2] [D] [thread 32093] [17.0] [cxt 0] Parser state 'start': key is 0806
[11:06:58.420] [bmv2] [T] [thread 32093] [17.0] [cxt 0] Bytes parsed: 14
[11:06:58.420] [bmv2] [D] [thread 32093] [17.0] [cxt 0] Parser 'parser': end
[11:06:58.420] [bmv2] [D] [thread 32093] [17.0] [cxt 0] Pipeline 'ingress': start
[11:06:58.420] [bmv2] [T] [thread 32093] [17.0] [cxt 0] Applying table 'tbl_switch291'
[11:06:58.420] [bmv2] [D] [thread 32093] [17.0] [cxt 0] Looking up key:

[11:06:58.420] [bmv2] [D] [thread 32093] [17.0] [cxt 0] Table 'tbl_switch291': miss
[11:06:58.420] [bmv2] [D] [thread 32093] [17.0] [cxt 0] Action entry is switch291 - 
[11:06:58.420] [bmv2] [T] [thread 32093] [17.0] [cxt 0] Action switch291
[11:06:58.421] [bmv2] [T] [thread 32093] [17.0] [cxt 0] p4src/switch.p4(291) Primitive standard_metadata.egress_spec = 2
[11:06:58.421] [bmv2] [T] [thread 32093] [17.0] [cxt 0] p4src/switch.p4(293) Condition "hdr.ipv4.isValid()" (node_3) is false
[11:06:58.421] [bmv2] [D] [thread 32093] [17.0] [cxt 0] Pipeline 'ingress': end
[11:06:58.421] [bmv2] [D] [thread 32093] [17.0] [cxt 0] Egress port is 2
[11:06:58.421] [bmv2] [D] [thread 32096] [17.0] [cxt 0] Pipeline 'egress': start
[11:06:58.421] [bmv2] [D] [thread 32096] [17.0] [cxt 0] Pipeline 'egress': end
[11:06:58.421] [bmv2] [D] [thread 32096] [17.0] [cxt 0] Deparser 'deparser': start
[11:06:58.421] [bmv2] [D] [thread 32096] [17.0] [cxt 0] Deparsing header 'ethernet'
[11:06:58.421] [bmv2] [D] [thread 32096] [17.0] [cxt 0] Deparser 'deparser': end
[11:06:58.421] [bmv2] [D] [thread 32098] [17.0] [cxt 0] Transmitting packet of size 42 out of port 2
[11:06:59.416] [bmv2] [D] [thread 32093] [18.0] [cxt 0] Processing packet received on port 1
[11:06:59.416] [bmv2] [D] [thread 32093] [18.0] [cxt 0] Parser 'parser': start
[11:06:59.416] [bmv2] [D] [thread 32093] [18.0] [cxt 0] Parser 'parser' entering state 'start'
[11:06:59.416] [bmv2] [D] [thread 32093] [18.0] [cxt 0] Extracting header 'ethernet'
[11:06:59.416] [bmv2] [D] [thread 32093] [18.0] [cxt 0] Parser state 'start': key is 0806
[11:06:59.416] [bmv2] [T] [thread 32093] [18.0] [cxt 0] Bytes parsed: 14
[11:06:59.416] [bmv2] [D] [thread 32093] [18.0] [cxt 0] Parser 'parser': end
[11:06:59.417] [bmv2] [D] [thread 32093] [18.0] [cxt 0] Pipeline 'ingress': start
[11:06:59.417] [bmv2] [T] [thread 32093] [18.0] [cxt 0] Applying table 'tbl_switch291'
[11:06:59.417] [bmv2] [D] [thread 32093] [18.0] [cxt 0] Looking up key:

[11:06:59.417] [bmv2] [D] [thread 32093] [18.0] [cxt 0] Table 'tbl_switch291': miss
[11:06:59.417] [bmv2] [D] [thread 32093] [18.0] [cxt 0] Action entry is switch291 - 
[11:06:59.417] [bmv2] [T] [thread 32093] [18.0] [cxt 0] Action switch291
[11:06:59.417] [bmv2] [T] [thread 32093] [18.0] [cxt 0] p4src/switch.p4(291) Primitive standard_metadata.egress_spec = 2
[11:06:59.417] [bmv2] [T] [thread 32093] [18.0] [cxt 0] p4src/switch.p4(293) Condition "hdr.ipv4.isValid()" (node_3) is false
[11:06:59.417] [bmv2] [D] [thread 32093] [18.0] [cxt 0] Pipeline 'ingress': end
[11:06:59.417] [bmv2] [D] [thread 32093] [18.0] [cxt 0] Egress port is 2
[11:06:59.418] [bmv2] [D] [thread 32096] [18.0] [cxt 0] Pipeline 'egress': start
[11:06:59.418] [bmv2] [D] [thread 32096] [18.0] [cxt 0] Pipeline 'egress': end
[11:06:59.418] [bmv2] [D] [thread 32096] [18.0] [cxt 0] Deparser 'deparser': start
[11:06:59.418] [bmv2] [D] [thread 32096] [18.0] [cxt 0] Deparsing header 'ethernet'
[11:06:59.418] [bmv2] [D] [thread 32096] [18.0] [cxt 0] Deparser 'deparser': end
[11:06:59.418] [bmv2] [D] [thread 32098] [18.0] [cxt 0] Transmitting packet of size 42 out of port 2
[11:07:00.416] [bmv2] [D] [thread 32093] [19.0] [cxt 0] Processing packet received on port 1
[11:07:00.416] [bmv2] [D] [thread 32093] [19.0] [cxt 0] Parser 'parser': start
[11:07:00.416] [bmv2] [D] [thread 32093] [19.0] [cxt 0] Parser 'parser' entering state 'start'
[11:07:00.416] [bmv2] [D] [thread 32093] [19.0] [cxt 0] Extracting header 'ethernet'
[11:07:00.416] [bmv2] [D] [thread 32093] [19.0] [cxt 0] Parser state 'start': key is 0806
[11:07:00.416] [bmv2] [T] [thread 32093] [19.0] [cxt 0] Bytes parsed: 14
[11:07:00.416] [bmv2] [D] [thread 32093] [19.0] [cxt 0] Parser 'parser': end
[11:07:00.416] [bmv2] [D] [thread 32093] [19.0] [cxt 0] Pipeline 'ingress': start
[11:07:00.416] [bmv2] [T] [thread 32093] [19.0] [cxt 0] Applying table 'tbl_switch291'
[11:07:00.416] [bmv2] [D] [thread 32093] [19.0] [cxt 0] Looking up key:

[11:07:00.417] [bmv2] [D] [thread 32093] [19.0] [cxt 0] Table 'tbl_switch291': miss
[11:07:00.417] [bmv2] [D] [thread 32093] [19.0] [cxt 0] Action entry is switch291 - 
[11:07:00.417] [bmv2] [T] [thread 32093] [19.0] [cxt 0] Action switch291
[11:07:00.417] [bmv2] [T] [thread 32093] [19.0] [cxt 0] p4src/switch.p4(291) Primitive standard_metadata.egress_spec = 2
[11:07:00.417] [bmv2] [T] [thread 32093] [19.0] [cxt 0] p4src/switch.p4(293) Condition "hdr.ipv4.isValid()" (node_3) is false
[11:07:00.417] [bmv2] [D] [thread 32093] [19.0] [cxt 0] Pipeline 'ingress': end
[11:07:00.417] [bmv2] [D] [thread 32093] [19.0] [cxt 0] Egress port is 2
[11:07:00.417] [bmv2] [D] [thread 32096] [19.0] [cxt 0] Pipeline 'egress': start
[11:07:00.417] [bmv2] [D] [thread 32096] [19.0] [cxt 0] Pipeline 'egress': end
[11:07:00.417] [bmv2] [D] [thread 32096] [19.0] [cxt 0] Deparser 'deparser': start
[11:07:00.417] [bmv2] [D] [thread 32096] [19.0] [cxt 0] Deparsing header 'ethernet'
[11:07:00.417] [bmv2] [D] [thread 32096] [19.0] [cxt 0] Deparser 'deparser': end
[11:07:00.417] [bmv2] [D] [thread 32098] [19.0] [cxt 0] Transmitting packet of size 42 out of port 2
[11:07:01.423] [bmv2] [D] [thread 32093] [20.0] [cxt 0] Processing packet received on port 2
[11:07:01.423] [bmv2] [D] [thread 32093] [20.0] [cxt 0] Parser 'parser': start
[11:07:01.423] [bmv2] [D] [thread 32093] [20.0] [cxt 0] Parser 'parser' entering state 'start'
[11:07:01.423] [bmv2] [D] [thread 32093] [20.0] [cxt 0] Extracting header 'ethernet'
[11:07:01.423] [bmv2] [D] [thread 32093] [20.0] [cxt 0] Parser state 'start': key is 0800
[11:07:01.423] [bmv2] [T] [thread 32093] [20.0] [cxt 0] Bytes parsed: 14
[11:07:01.423] [bmv2] [D] [thread 32093] [20.0] [cxt 0] Parser 'parser' entering state 'parse_ipv4'
[11:07:01.423] [bmv2] [D] [thread 32093] [20.0] [cxt 0] Extracting header 'ipv4'
[11:07:01.423] [bmv2] [D] [thread 32093] [20.0] [cxt 0] Parser state 'parse_ipv4': key is 01
[11:07:01.423] [bmv2] [T] [thread 32093] [20.0] [cxt 0] Bytes parsed: 34
[11:07:01.423] [bmv2] [D] [thread 32093] [20.0] [cxt 0] Parser 'parser': end
[11:07:01.424] [bmv2] [D] [thread 32093] [20.0] [cxt 0] Pipeline 'ingress': start
[11:07:01.424] [bmv2] [T] [thread 32093] [20.0] [cxt 0] Applying table 'tbl_switch291'
[11:07:01.424] [bmv2] [D] [thread 32093] [20.0] [cxt 0] Looking up key:

[11:07:01.424] [bmv2] [D] [thread 32093] [20.0] [cxt 0] Table 'tbl_switch291': miss
[11:07:01.424] [bmv2] [D] [thread 32093] [20.0] [cxt 0] Action entry is switch291 - 
[11:07:01.424] [bmv2] [T] [thread 32093] [20.0] [cxt 0] Action switch291
[11:07:01.424] [bmv2] [T] [thread 32093] [20.0] [cxt 0] p4src/switch.p4(291) Primitive standard_metadata.egress_spec = 2
[11:07:01.424] [bmv2] [T] [thread 32093] [20.0] [cxt 0] p4src/switch.p4(293) Condition "hdr.ipv4.isValid()" (node_3) is true
[11:07:01.424] [bmv2] [T] [thread 32093] [20.0] [cxt 0] Applying table 'MyIngress.groups'
[11:07:01.425] [bmv2] [D] [thread 32093] [20.0] [cxt 0] Looking up key:
* hdr.ipv4.srcAddr    : 0a000002

[11:07:01.425] [bmv2] [D] [thread 32093] [20.0] [cxt 0] Table 'MyIngress.groups': miss
[11:07:01.425] [bmv2] [D] [thread 32093] [20.0] [cxt 0] Action entry is NoAction - 
[11:07:01.425] [bmv2] [T] [thread 32093] [20.0] [cxt 0] Action NoAction
[11:07:01.425] [bmv2] [T] [thread 32093] [20.0] [cxt 0] Applying table 'tbl_act_0'
[11:07:01.425] [bmv2] [D] [thread 32093] [20.0] [cxt 0] Looking up key:

[11:07:01.426] [bmv2] [D] [thread 32093] [20.0] [cxt 0] Table 'tbl_act_0': miss
[11:07:01.426] [bmv2] [D] [thread 32093] [20.0] [cxt 0] Action entry is act_0 - 
[11:07:01.426] [bmv2] [T] [thread 32093] [20.0] [cxt 0] Action act_0
[11:07:01.426] [bmv2] [T] [thread 32093] [20.0] [cxt 0] Primitive (no source info)
[11:07:01.426] [bmv2] [T] [thread 32093] [20.0] [cxt 0] Condition "node_7" (node_7) is false
[11:07:01.427] [bmv2] [T] [thread 32093] [20.0] [cxt 0] Applying table 'tbl_sendHello'
[11:07:01.428] [bmv2] [D] [thread 32093] [20.0] [cxt 0] Looking up key:

[11:07:01.428] [bmv2] [D] [thread 32093] [20.0] [cxt 0] Table 'tbl_sendHello': miss
[11:07:01.428] [bmv2] [D] [thread 32093] [20.0] [cxt 0] Action entry is MyIngress.sendHello - 
[11:07:01.428] [bmv2] [T] [thread 32093] [20.0] [cxt 0] Action MyIngress.sendHello
[11:07:01.428] [bmv2] [T] [thread 32093] [20.0] [cxt 0] p4src/switch.p4(172) Primitive meta.data.five_tuple.srcAddr = hdr.ipv4.srcAddr
[11:07:01.429] [bmv2] [T] [thread 32093] [20.0] [cxt 0] p4src/switch.p4(173) Primitive meta.data.five_tuple.dstAddr = hdr.ipv4.dstAddr
[11:07:01.429] [bmv2] [T] [thread 32093] [20.0] [cxt 0] p4src/switch.p4(174) Primitive meta.data.five_tuple.srcPort = hdr.tcp.srcPort
[11:07:01.429] [bmv2] [T] [thread 32093] [20.0] [cxt 0] p4src/switch.p4(175) Primitive meta.data.five_tuple.dstPort = hdr.tcp.dstPort
[11:07:01.429] [bmv2] [T] [thread 32093] [20.0] [cxt 0] p4src/switch.p4(176) Primitive meta.data.five_tuple.protocol = hdr.ipv4.protocol
[11:07:01.429] [bmv2] [T] [thread 32093] [20.0] [cxt 0] p4src/switch.p4(181) Primitive meta.data.flow_count = 0
[11:07:01.429] [bmv2] [T] [thread 32093] [20.0] [cxt 0] p4src/switch.p4(172) Primitive hdr.ipv4.srcAddr
[11:07:01.429] [bmv2] [T] [thread 32093] [20.0] [cxt 0] p4src/switch.p4(173) Primitive hdr.ipv4.dstAddr
[11:07:01.429] [bmv2] [T] [thread 32093] [20.0] [cxt 0] p4src/switch.p4(174) Primitive hdr.tcp.srcPort
[11:07:01.429] [bmv2] [T] [thread 32093] [20.0] [cxt 0] p4src/switch.p4(175) Primitive hdr.tcp.dstPort
[11:07:01.429] [bmv2] [T] [thread 32093] [20.0] [cxt 0] p4src/switch.p4(176) Primitive hdr.ipv4.protocol
[11:07:01.430] [bmv2] [T] [thread 32093] [20.0] [cxt 0] p4src/switch.p4(181) Primitive 0
[11:07:01.430] [bmv2] [T] [thread 32093] [20.0] [cxt 0] p4src/switch.p4(182) Primitive digest(1, meta.data)
[11:07:01.430] [bmv2] [T] [thread 32093] [20.0] [cxt 0] p4src/switch.p4(185) Primitive standard_metadata.egress_spec = 4
[11:07:01.430] [bmv2] [D] [thread 32093] [20.0] [cxt 0] Pipeline 'ingress': end
[11:07:01.430] [bmv2] [T] [thread 32093] Learning sample for list id 1
[11:07:01.430] [bmv2] [D] [thread 32093] [20.0] [cxt 0] Egress port is 4
[11:07:01.431] [bmv2] [D] [thread 32094] [20.0] [cxt 0] Pipeline 'egress': start
[11:07:01.431] [bmv2] [D] [thread 32094] [20.0] [cxt 0] Pipeline 'egress': end
[11:07:01.431] [bmv2] [D] [thread 32094] [20.0] [cxt 0] Deparser 'deparser': start
[11:07:01.431] [bmv2] [D] [thread 32094] [20.0] [cxt 0] Deparsing header 'ipv4'
[11:07:01.431] [bmv2] [D] [thread 32094] [20.0] [cxt 0] Deparsing header 'ethernet'
[11:07:01.431] [bmv2] [D] [thread 32094] [20.0] [cxt 0] Deparser 'deparser': end
[11:07:01.431] [bmv2] [D] [thread 32098] [20.0] [cxt 0] Transmitting packet of size 98 out of port 4
[11:07:02.432] [bmv2] [T] [thread 32088] Sending learning notification for list id 1 (buffer id 0)
[11:07:06.432] [bmv2] [D] [thread 32093] [21.0] [cxt 0] Processing packet received on port 2
[11:07:06.432] [bmv2] [D] [thread 32093] [21.0] [cxt 0] Parser 'parser': start
[11:07:06.432] [bmv2] [D] [thread 32093] [21.0] [cxt 0] Parser 'parser' entering state 'start'
[11:07:06.432] [bmv2] [D] [thread 32093] [21.0] [cxt 0] Extracting header 'ethernet'
[11:07:06.432] [bmv2] [D] [thread 32093] [21.0] [cxt 0] Parser state 'start': key is 0806
[11:07:06.432] [bmv2] [T] [thread 32093] [21.0] [cxt 0] Bytes parsed: 14
[11:07:06.432] [bmv2] [D] [thread 32093] [21.0] [cxt 0] Parser 'parser': end
[11:07:06.432] [bmv2] [D] [thread 32093] [21.0] [cxt 0] Pipeline 'ingress': start
[11:07:06.432] [bmv2] [T] [thread 32093] [21.0] [cxt 0] Applying table 'tbl_switch291'
[11:07:06.432] [bmv2] [D] [thread 32093] [21.0] [cxt 0] Looking up key:

[11:07:06.432] [bmv2] [D] [thread 32093] [21.0] [cxt 0] Table 'tbl_switch291': miss
[11:07:06.432] [bmv2] [D] [thread 32093] [21.0] [cxt 0] Action entry is switch291 - 
[11:07:06.432] [bmv2] [T] [thread 32093] [21.0] [cxt 0] Action switch291
[11:07:06.433] [bmv2] [T] [thread 32093] [21.0] [cxt 0] p4src/switch.p4(291) Primitive standard_metadata.egress_spec = 2
[11:07:06.433] [bmv2] [T] [thread 32093] [21.0] [cxt 0] p4src/switch.p4(293) Condition "hdr.ipv4.isValid()" (node_3) is false
[11:07:06.433] [bmv2] [D] [thread 32093] [21.0] [cxt 0] Pipeline 'ingress': end
[11:07:06.433] [bmv2] [D] [thread 32093] [21.0] [cxt 0] Egress port is 2
[11:07:06.433] [bmv2] [D] [thread 32096] [21.0] [cxt 0] Pipeline 'egress': start
[11:07:06.433] [bmv2] [D] [thread 32096] [21.0] [cxt 0] Pipeline 'egress': end
[11:07:06.433] [bmv2] [D] [thread 32096] [21.0] [cxt 0] Deparser 'deparser': start
[11:07:06.433] [bmv2] [D] [thread 32096] [21.0] [cxt 0] Deparsing header 'ethernet'
[11:07:06.433] [bmv2] [D] [thread 32096] [21.0] [cxt 0] Deparser 'deparser': end
[11:07:06.433] [bmv2] [D] [thread 32098] [21.0] [cxt 0] Transmitting packet of size 42 out of port 2
[11:07:07.432] [bmv2] [D] [thread 32093] [22.0] [cxt 0] Processing packet received on port 2
[11:07:07.433] [bmv2] [D] [thread 32093] [22.0] [cxt 0] Parser 'parser': start
[11:07:07.433] [bmv2] [D] [thread 32093] [22.0] [cxt 0] Parser 'parser' entering state 'start'
[11:07:07.433] [bmv2] [D] [thread 32093] [22.0] [cxt 0] Extracting header 'ethernet'
[11:07:07.433] [bmv2] [D] [thread 32093] [22.0] [cxt 0] Parser state 'start': key is 0806
[11:07:07.433] [bmv2] [T] [thread 32093] [22.0] [cxt 0] Bytes parsed: 14
[11:07:07.433] [bmv2] [D] [thread 32093] [22.0] [cxt 0] Parser 'parser': end
[11:07:07.433] [bmv2] [D] [thread 32093] [22.0] [cxt 0] Pipeline 'ingress': start
[11:07:07.433] [bmv2] [T] [thread 32093] [22.0] [cxt 0] Applying table 'tbl_switch291'
[11:07:07.433] [bmv2] [D] [thread 32093] [22.0] [cxt 0] Looking up key:

[11:07:07.433] [bmv2] [D] [thread 32093] [22.0] [cxt 0] Table 'tbl_switch291': miss
[11:07:07.433] [bmv2] [D] [thread 32093] [22.0] [cxt 0] Action entry is switch291 - 
[11:07:07.433] [bmv2] [T] [thread 32093] [22.0] [cxt 0] Action switch291
[11:07:07.433] [bmv2] [T] [thread 32093] [22.0] [cxt 0] p4src/switch.p4(291) Primitive standard_metadata.egress_spec = 2
[11:07:07.433] [bmv2] [T] [thread 32093] [22.0] [cxt 0] p4src/switch.p4(293) Condition "hdr.ipv4.isValid()" (node_3) is false
[11:07:07.433] [bmv2] [D] [thread 32093] [22.0] [cxt 0] Pipeline 'ingress': end
[11:07:07.433] [bmv2] [D] [thread 32093] [22.0] [cxt 0] Egress port is 2
[11:07:07.433] [bmv2] [D] [thread 32096] [22.0] [cxt 0] Pipeline 'egress': start
[11:07:07.433] [bmv2] [D] [thread 32096] [22.0] [cxt 0] Pipeline 'egress': end
[11:07:07.433] [bmv2] [D] [thread 32096] [22.0] [cxt 0] Deparser 'deparser': start
[11:07:07.433] [bmv2] [D] [thread 32096] [22.0] [cxt 0] Deparsing header 'ethernet'
[11:07:07.433] [bmv2] [D] [thread 32096] [22.0] [cxt 0] Deparser 'deparser': end
[11:07:07.433] [bmv2] [D] [thread 32098] [22.0] [cxt 0] Transmitting packet of size 42 out of port 2
[11:07:08.432] [bmv2] [D] [thread 32093] [23.0] [cxt 0] Processing packet received on port 2
[11:07:08.432] [bmv2] [D] [thread 32093] [23.0] [cxt 0] Parser 'parser': start
[11:07:08.433] [bmv2] [D] [thread 32093] [23.0] [cxt 0] Parser 'parser' entering state 'start'
[11:07:08.433] [bmv2] [D] [thread 32093] [23.0] [cxt 0] Extracting header 'ethernet'
[11:07:08.433] [bmv2] [D] [thread 32093] [23.0] [cxt 0] Parser state 'start': key is 0806
[11:07:08.433] [bmv2] [T] [thread 32093] [23.0] [cxt 0] Bytes parsed: 14
[11:07:08.433] [bmv2] [D] [thread 32093] [23.0] [cxt 0] Parser 'parser': end
[11:07:08.433] [bmv2] [D] [thread 32093] [23.0] [cxt 0] Pipeline 'ingress': start
[11:07:08.433] [bmv2] [T] [thread 32093] [23.0] [cxt 0] Applying table 'tbl_switch291'
[11:07:08.433] [bmv2] [D] [thread 32093] [23.0] [cxt 0] Looking up key:

[11:07:08.433] [bmv2] [D] [thread 32093] [23.0] [cxt 0] Table 'tbl_switch291': miss
[11:07:08.434] [bmv2] [D] [thread 32093] [23.0] [cxt 0] Action entry is switch291 - 
[11:07:08.434] [bmv2] [T] [thread 32093] [23.0] [cxt 0] Action switch291
[11:07:08.434] [bmv2] [T] [thread 32093] [23.0] [cxt 0] p4src/switch.p4(291) Primitive standard_metadata.egress_spec = 2
[11:07:08.434] [bmv2] [T] [thread 32093] [23.0] [cxt 0] p4src/switch.p4(293) Condition "hdr.ipv4.isValid()" (node_3) is false
[11:07:08.434] [bmv2] [D] [thread 32093] [23.0] [cxt 0] Pipeline 'ingress': end
[11:07:08.435] [bmv2] [D] [thread 32093] [23.0] [cxt 0] Egress port is 2
[11:07:08.435] [bmv2] [D] [thread 32096] [23.0] [cxt 0] Pipeline 'egress': start
[11:07:08.435] [bmv2] [D] [thread 32096] [23.0] [cxt 0] Pipeline 'egress': end
[11:07:08.435] [bmv2] [D] [thread 32096] [23.0] [cxt 0] Deparser 'deparser': start
[11:07:08.435] [bmv2] [D] [thread 32096] [23.0] [cxt 0] Deparsing header 'ethernet'
[11:07:08.435] [bmv2] [D] [thread 32096] [23.0] [cxt 0] Deparser 'deparser': end
[11:07:08.435] [bmv2] [D] [thread 32098] [23.0] [cxt 0] Transmitting packet of size 42 out of port 2
